running egg_info
creating ../../build/py_service_client/py_service_client.egg-info
writing ../../build/py_service_client/py_service_client.egg-info/PKG-INFO
writing dependency_links to ../../build/py_service_client/py_service_client.egg-info/dependency_links.txt
writing entry points to ../../build/py_service_client/py_service_client.egg-info/entry_points.txt
writing requirements to ../../build/py_service_client/py_service_client.egg-info/requires.txt
writing top-level names to ../../build/py_service_client/py_service_client.egg-info/top_level.txt
writing manifest file '../../build/py_service_client/py_service_client.egg-info/SOURCES.txt'
reading manifest file '../../build/py_service_client/py_service_client.egg-info/SOURCES.txt'
writing manifest file '../../build/py_service_client/py_service_client.egg-info/SOURCES.txt'
running build
running build_py
creating /ros2-learn/build/py_service_client/build
creating /ros2-learn/build/py_service_client/build/lib
creating /ros2-learn/build/py_service_client/build/lib/py_service_client
copying py_service_client/client_member_function.py -> /ros2-learn/build/py_service_client/build/lib/py_service_client
copying py_service_client/service_member_function.py -> /ros2-learn/build/py_service_client/build/lib/py_service_client
copying py_service_client/__init__.py -> /ros2-learn/build/py_service_client/build/lib/py_service_client
running install
running install_lib
creating /ros2-learn/install/py_service_client/lib/python3.10/site-packages/py_service_client
copying /ros2-learn/build/py_service_client/build/lib/py_service_client/client_member_function.py -> /ros2-learn/install/py_service_client/lib/python3.10/site-packages/py_service_client
copying /ros2-learn/build/py_service_client/build/lib/py_service_client/service_member_function.py -> /ros2-learn/install/py_service_client/lib/python3.10/site-packages/py_service_client
copying /ros2-learn/build/py_service_client/build/lib/py_service_client/__init__.py -> /ros2-learn/install/py_service_client/lib/python3.10/site-packages/py_service_client
byte-compiling /ros2-learn/install/py_service_client/lib/python3.10/site-packages/py_service_client/client_member_function.py to client_member_function.cpython-310.pyc
byte-compiling /ros2-learn/install/py_service_client/lib/python3.10/site-packages/py_service_client/service_member_function.py to service_member_function.cpython-310.pyc
byte-compiling /ros2-learn/install/py_service_client/lib/python3.10/site-packages/py_service_client/__init__.py to __init__.cpython-310.pyc
running install_data
creating /ros2-learn/install/py_service_client/share/ament_index
creating /ros2-learn/install/py_service_client/share/ament_index/resource_index
creating /ros2-learn/install/py_service_client/share/ament_index/resource_index/packages
copying resource/py_service_client -> /ros2-learn/install/py_service_client/share/ament_index/resource_index/packages
copying package.xml -> /ros2-learn/install/py_service_client/share/py_service_client
running install_egg_info
Copying ../../build/py_service_client/py_service_client.egg-info to /ros2-learn/install/py_service_client/lib/python3.10/site-packages/py_service_client-0.0.0-py3.10.egg-info
running install_scripts
Installing client script to /ros2-learn/install/py_service_client/lib/py_service_client
Installing service script to /ros2-learn/install/py_service_client/lib/py_service_client
writing list of installed files to '/ros2-learn/build/py_service_client/install.log'
