[0.399s] Invoking command in '/ros2-learn/src/my_py_pkg': PYTHONPATH=/ros2-learn/build/my_py_pkg/prefix_override:/ros2-learn/install/my_py_pkg/lib/python3.10/site-packages:${PYTHONPATH} /usr/bin/python3 setup.py egg_info --egg-base ../../build/my_py_pkg build --build-base /ros2-learn/build/my_py_pkg/build install --record /ros2-learn/build/my_py_pkg/install.log --single-version-externally-managed
[0.552s] running egg_info
[0.553s] creating ../../build/my_py_pkg/my_py_pkg.egg-info
[0.553s] writing ../../build/my_py_pkg/my_py_pkg.egg-info/PKG-INFO
[0.553s] writing dependency_links to ../../build/my_py_pkg/my_py_pkg.egg-info/dependency_links.txt
[0.553s] writing entry points to ../../build/my_py_pkg/my_py_pkg.egg-info/entry_points.txt
[0.553s] writing requirements to ../../build/my_py_pkg/my_py_pkg.egg-info/requires.txt
[0.553s] writing top-level names to ../../build/my_py_pkg/my_py_pkg.egg-info/top_level.txt
[0.553s] writing manifest file '../../build/my_py_pkg/my_py_pkg.egg-info/SOURCES.txt'
[0.555s] reading manifest file '../../build/my_py_pkg/my_py_pkg.egg-info/SOURCES.txt'
[0.556s] writing manifest file '../../build/my_py_pkg/my_py_pkg.egg-info/SOURCES.txt'
[0.556s] running build
[0.556s] running build_py
[0.556s] creating /ros2-learn/build/my_py_pkg/build
[0.556s] creating /ros2-learn/build/my_py_pkg/build/lib
[0.556s] creating /ros2-learn/build/my_py_pkg/build/lib/my_py_pkg
[0.556s] copying my_py_pkg/my_test_node.py -> /ros2-learn/build/my_py_pkg/build/lib/my_py_pkg
[0.556s] copying my_py_pkg/__init__.py -> /ros2-learn/build/my_py_pkg/build/lib/my_py_pkg
[0.556s] running install
[0.557s] /usr/lib/python3/dist-packages/setuptools/command/install.py:34: SetuptoolsDeprecationWarning: setup.py install is deprecated. Use build and pip and other standards-based tools.
[0.557s]   warnings.warn(
[0.557s] running install_lib
[0.558s] creating /ros2-learn/install/my_py_pkg/lib/python3.10/site-packages/my_py_pkg
[0.558s] copying /ros2-learn/build/my_py_pkg/build/lib/my_py_pkg/my_test_node.py -> /ros2-learn/install/my_py_pkg/lib/python3.10/site-packages/my_py_pkg
[0.558s] copying /ros2-learn/build/my_py_pkg/build/lib/my_py_pkg/__init__.py -> /ros2-learn/install/my_py_pkg/lib/python3.10/site-packages/my_py_pkg
[0.558s] byte-compiling /ros2-learn/install/my_py_pkg/lib/python3.10/site-packages/my_py_pkg/my_test_node.py to my_test_node.cpython-310.pyc
[0.559s] byte-compiling /ros2-learn/install/my_py_pkg/lib/python3.10/site-packages/my_py_pkg/__init__.py to __init__.cpython-310.pyc
[0.559s] running install_data
[0.559s] creating /ros2-learn/install/my_py_pkg/share/ament_index
[0.559s] creating /ros2-learn/install/my_py_pkg/share/ament_index/resource_index
[0.559s] creating /ros2-learn/install/my_py_pkg/share/ament_index/resource_index/packages
[0.559s] copying resource/my_py_pkg -> /ros2-learn/install/my_py_pkg/share/ament_index/resource_index/packages
[0.560s] copying package.xml -> /ros2-learn/install/my_py_pkg/share/my_py_pkg
[0.560s] running install_egg_info
[0.561s] Copying ../../build/my_py_pkg/my_py_pkg.egg-info to /ros2-learn/install/my_py_pkg/lib/python3.10/site-packages/my_py_pkg-0.0.0-py3.10.egg-info
[0.561s] running install_scripts
[0.578s] writing list of installed files to '/ros2-learn/build/my_py_pkg/install.log'
[0.597s] Invoked command in '/ros2-learn/src/my_py_pkg' returned '0': PYTHONPATH=/ros2-learn/build/my_py_pkg/prefix_override:/ros2-learn/install/my_py_pkg/lib/python3.10/site-packages:${PYTHONPATH} /usr/bin/python3 setup.py egg_info --egg-base ../../build/my_py_pkg build --build-base /ros2-learn/build/my_py_pkg/build install --record /ros2-learn/build/my_py_pkg/install.log --single-version-externally-managed
