[0.440s] Invoking command in '/ros2-learn/src/py_pubsub': PYTHONPATH=/ros2-learn/build/py_pubsub/prefix_override:/ros2-learn/install/py_pubsub/lib/python3.10/site-packages:${PYTHONPATH} /usr/bin/python3 setup.py egg_info --egg-base ../../build/py_pubsub build --build-base /ros2-learn/build/py_pubsub/build install --record /ros2-learn/build/py_pubsub/install.log --single-version-externally-managed
[0.559s] running egg_info
[0.560s] writing ../../build/py_pubsub/py_pubsub.egg-info/PKG-INFO
[0.560s] writing dependency_links to ../../build/py_pubsub/py_pubsub.egg-info/dependency_links.txt
[0.560s] writing entry points to ../../build/py_pubsub/py_pubsub.egg-info/entry_points.txt
[0.560s] writing requirements to ../../build/py_pubsub/py_pubsub.egg-info/requires.txt
[0.560s] writing top-level names to ../../build/py_pubsub/py_pubsub.egg-info/top_level.txt
[0.561s] reading manifest file '../../build/py_pubsub/py_pubsub.egg-info/SOURCES.txt'
[0.562s] writing manifest file '../../build/py_pubsub/py_pubsub.egg-info/SOURCES.txt'
[0.562s] running build
[0.562s] running build_py
[0.562s] running install
[0.562s] /usr/lib/python3/dist-packages/setuptools/command/install.py:34: SetuptoolsDeprecationWarning: setup.py install is deprecated. Use build and pip and other standards-based tools.
[0.562s]   warnings.warn(
[0.563s] running install_lib
[0.564s] running install_data
[0.564s] copying package.xml -> /ros2-learn/install/py_pubsub/share/py_pubsub
[0.564s] running install_egg_info
[0.565s] removing '/ros2-learn/install/py_pubsub/lib/python3.10/site-packages/py_pubsub-0.0.0-py3.10.egg-info' (and everything under it)
[0.565s] Copying ../../build/py_pubsub/py_pubsub.egg-info to /ros2-learn/install/py_pubsub/lib/python3.10/site-packages/py_pubsub-0.0.0-py3.10.egg-info
[0.566s] running install_scripts
[0.582s] Installing talker = py_pubsub.publisher_member_function:mainlistener script to /ros2-learn/install/py_pubsub/lib/py_pubsub
[0.582s] writing list of installed files to '/ros2-learn/build/py_pubsub/install.log'
[0.600s] Invoked command in '/ros2-learn/src/py_pubsub' returned '0': PYTHONPATH=/ros2-learn/build/py_pubsub/prefix_override:/ros2-learn/install/py_pubsub/lib/python3.10/site-packages:${PYTHONPATH} /usr/bin/python3 setup.py egg_info --egg-base ../../build/py_pubsub build --build-base /ros2-learn/build/py_pubsub/build install --record /ros2-learn/build/py_pubsub/install.log --single-version-externally-managed
